<?xml version="1.0" encoding="UTF-8"?>
<testsuite name="ru.msu.cmc.webprak.DAO.JobSeekerDAOTest" tests="1" skipped="0" failures="0" errors="0" timestamp="2023-09-06T22:26:50" hostname="kazantseva" time="0.863">
  <properties/>
  <testcase name="testGetByFilter()" classname="ru.msu.cmc.webprak.DAO.JobSeekerDAOTest" time="0.863"/>
  <system-out><![CDATA[01:26:44.464 [Test worker] DEBUG org.springframework.boot.test.context.SpringBootTestContextBootstrapper - Neither @ContextConfiguration nor @ContextHierarchy found for test class [JobSeekerDAOTest]: using SpringBootContextLoader
01:26:44.476 [Test worker] DEBUG org.springframework.test.context.support.AbstractContextLoader - Could not detect default resource locations for test class [ru.msu.cmc.webprak.DAO.JobSeekerDAOTest]: no resource found for suffixes {-context.xml, Context.groovy}.
01:26:44.478 [Test worker] INFO org.springframework.test.context.support.AnnotationConfigContextLoaderUtils - Could not detect default configuration classes for test class [ru.msu.cmc.webprak.DAO.JobSeekerDAOTest]: JobSeekerDAOTest does not declare any static, non-private, non-final, nested classes annotated with @Configuration.
01:26:44.521 [Test worker] DEBUG org.springframework.boot.test.context.SpringBootTestContextBootstrapper - Using ContextCustomizers for test class [JobSeekerDAOTest]: [DisableObservabilityContextCustomizer, PropertyMappingContextCustomizer, Customizer, ExcludeFilterContextCustomizer, DuplicateJsonObjectContextCustomizer, MockitoContextCustomizer, TestRestTemplateContextCustomizer]
01:26:44.683 [Test worker] DEBUG org.springframework.context.annotation.ClassPathScanningCandidateComponentProvider - Identified candidate component class: file [/home/varvara/Документы/webprak/build/classes/java/main/ru/msu/cmc/webprak/WebprakApplication.class]
01:26:44.685 [Test worker] INFO org.springframework.boot.test.context.SpringBootTestContextBootstrapper - Found @SpringBootConfiguration ru.msu.cmc.webprak.WebprakApplication for test class ru.msu.cmc.webprak.DAO.JobSeekerDAOTest
01:26:44.920 [Test worker] DEBUG org.springframework.boot.test.context.SpringBootTestContextBootstrapper - Using TestExecutionListeners for test class [JobSeekerDAOTest]: [ServletTestExecutionListener, DirtiesContextBeforeModesTestExecutionListener, ApplicationEventsTestExecutionListener, MockitoTestExecutionListener, DependencyInjectionTestExecutionListener, DirtiesContextTestExecutionListener, TransactionalTestExecutionListener, SqlScriptsTestExecutionListener, EventPublishingTestExecutionListener, RestDocsTestExecutionListener, MockRestServiceServerResetTestExecutionListener, MockMvcPrintOnlyOnFailureTestExecutionListener, WebDriverTestExecutionListener, MockWebServiceServerTestExecutionListener, ResetMocksTestExecutionListener]

  .   ____          _            __ _ _
 /\\ / ___'_ __ _ _(_)_ __  __ _ \ \ \ \
( ( )\___ | '_ | '_| | '_ \/ _` | \ \ \ \
 \\/  ___)| |_)| | | | | || (_| |  ) ) ) )
  '  |____| .__|_| |_|_| |_\__, | / / / /
 =========|_|==============|___/=/_/_/_/
 :: Spring Boot ::                (v3.0.4)

2023-09-07T01:26:45.451+03:00  INFO 11284 --- [    Test worker] r.msu.cmc.webprak.DAO.JobSeekerDAOTest   : Starting JobSeekerDAOTest using Java 17.0.6 with PID 11284 (started by varvara in /home/varvara/Документы/webprak)
2023-09-07T01:26:45.454+03:00  INFO 11284 --- [    Test worker] r.msu.cmc.webprak.DAO.JobSeekerDAOTest   : No active profile set, falling back to 1 default profile: "default"
2023-09-07T01:26:46.985+03:00  INFO 11284 --- [    Test worker] org.hibernate.Version                    : HHH000412: Hibernate ORM core version 5.6.7.Final
2023-09-07T01:26:47.338+03:00  INFO 11284 --- [    Test worker] o.hibernate.annotations.common.Version   : HCANN000001: Hibernate Commons Annotations {5.1.2.Final}
2023-09-07T01:26:48.045+03:00  INFO 11284 --- [    Test worker] org.hibernate.dialect.Dialect            : HHH000400: Using dialect: org.hibernate.dialect.PostgreSQL10Dialect
2023-09-07T01:26:49.293+03:00  INFO 11284 --- [    Test worker] o.h.e.t.j.p.i.JtaPlatformInitiator       : HHH000490: Using JtaPlatform implementation: [org.hibernate.engine.transaction.jta.platform.internal.NoJtaPlatform]
2023-09-07T01:26:50.238+03:00  INFO 11284 --- [    Test worker] r.msu.cmc.webprak.DAO.JobSeekerDAOTest   : Started JobSeekerDAOTest in 5.267 seconds (process running for 7.49)
]]></system-out>
  <system-err><![CDATA[[2023.09.07 01:26:45] (Coverage): Error during class instrumentation: org.springframework.boot.logging.log4j2.Log4J2LoggingSystem: java.lang.RuntimeException: java.io.IOException: Class org/apache/logging/log4j/core/config/composite/CompositeConfiguration not found
[2023.09.07 01:26:46] (Coverage): Error during class instrumentation: org.springframework.web.servlet.config.annotation.WebMvcConfigurationSupport: java.lang.RuntimeException: java.io.IOException: Class jakarta/validation/ValidatorFactory not found
]]></system-err>
</testsuite>
